I'm echoing to stdout
I'm echoing to stderr
My JobID is 54975367
I have 2 CPUs on node r108u25n01
Importing...
/vast/palmer/home.mccleary/bsw38/GraphML/.conda/lib/python3.11/site-packages/outdated/__init__.py:36: UserWarning: pkg_resources is deprecated as an API. See https://setuptools.pypa.io/en/latest/pkg_resources.html. The pkg_resources package is slated for removal as early as 2025-11-30. Refrain from using this package or pin to Setuptools<81.
  from pkg_resources import parse_version
Imports complete
Hello, world!
41127
Smallest graph in molhiv dataset has 2 nodes
torch.Size([19, 9])
938.8582763671875 tensor([[ 938.8583, -393.9782]], device='cuda:0', grad_fn=<SliceBackward0>)
Epoch 001 | New best val loss: 0.5981 (saved)
Epoch 001 | Loss: 0.0254 | Val Loss: 0.5981 | Train Metric: 0.3823 | Val Metric: 0.5019
Epoch 002 | New best val loss: 0.5978 (saved)
Epoch 002 | Loss: 0.0266 | Val Loss: 0.5978 | Train Metric: 0.3876 | Val Metric: 0.4930
Epoch 003 | Loss: 0.0246 | Val Loss: 0.6038 | Train Metric: 0.3870 | Val Metric: 0.5028
Epoch 010 | Loss: 0.0238 | Val Loss: 0.5994 | Train Metric: 0.3795 | Val Metric: 0.5067
Epoch 012 | New best val loss: 0.5964 (saved)
Epoch 014 | New best val loss: 0.5958 (saved)
Epoch 015 | New best val loss: 0.5903 (saved)
Epoch 020 | Loss: 0.0216 | Val Loss: 0.5988 | Train Metric: 0.3782 | Val Metric: 0.5068
Epoch 030 | Loss: 0.0233 | Val Loss: 0.5924 | Train Metric: 0.3737 | Val Metric: 0.5011
Epoch 040 | Loss: 0.0222 | Val Loss: 0.5961 | Train Metric: 0.3823 | Val Metric: 0.5052
Epoch 050 | Loss: 0.0252 | Val Loss: 0.5988 | Train Metric: 0.3756 | Val Metric: 0.5081
Epoch 060 | Loss: 0.0256 | Val Loss: 0.5999 | Train Metric: 0.3771 | Val Metric: 0.5069
Epoch 070 | Loss: 0.0251 | Val Loss: 0.5965 | Train Metric: 0.3782 | Val Metric: 0.4996
Epoch 080 | Loss: 0.0241 | Val Loss: 0.5982 | Train Metric: 0.3777 | Val Metric: 0.5067
Epoch 090 | Loss: 0.0234 | Val Loss: 0.6005 | Train Metric: 0.3794 | Val Metric: 0.5017
Epoch 100 | Loss: 0.0237 | Val Loss: 0.5989 | Train Metric: 0.3764 | Val Metric: 0.5048
