I'm echoing to stdout
I'm echoing to stderr
My JobID is 54956323
I have 2 CPUs on node r108u25n01
Importing...
/vast/palmer/home.mccleary/bsw38/GraphML/.conda/lib/python3.11/site-packages/outdated/__init__.py:36: UserWarning: pkg_resources is deprecated as an API. See https://setuptools.pypa.io/en/latest/pkg_resources.html. The pkg_resources package is slated for removal as early as 2025-11-30. Refrain from using this package or pin to Setuptools<81.
  from pkg_resources import parse_version
Imports complete
Hello, world!
41127
Smallest graph in molhiv dataset has 2 nodes
torch.Size([19, 9])
107.54969787597656 tensor([[107.5497, 108.8568]], device='cuda:0', grad_fn=<SliceBackward0>)
Epoch 001 | New best val loss: 0.5672 (saved)
Epoch 001 | Loss: 0.0170 | Val Loss: 0.5672 | Train Metric: 0.4194 | Val Metric: 0.5027
Epoch 002 | Loss: 0.0146 | Val Loss: 0.5731 | Train Metric: 0.4407 | Val Metric: 0.5023
Epoch 003 | New best val loss: 0.5666 (saved)
Epoch 003 | Loss: 0.0149 | Val Loss: 0.5666 | Train Metric: 0.3795 | Val Metric: 0.4980
Epoch 006 | New best val loss: 0.5662 (saved)
Epoch 009 | New best val loss: 0.5660 (saved)
Epoch 010 | Loss: 0.0155 | Val Loss: 0.5672 | Train Metric: 0.3681 | Val Metric: 0.4970
Epoch 014 | New best val loss: 0.5660 (saved)
Epoch 020 | New best val loss: 0.5657 (saved)
Epoch 020 | Loss: 0.0161 | Val Loss: 0.5657 | Train Metric: 0.3625 | Val Metric: 0.4937
Epoch 021 | New best val loss: 0.5656 (saved)
Epoch 030 | Loss: 0.0156 | Val Loss: 0.5662 | Train Metric: 0.3643 | Val Metric: 0.4936
Epoch 034 | New best val loss: 0.5652 (saved)
Epoch 040 | Loss: 0.0142 | Val Loss: 0.5671 | Train Metric: 0.3797 | Val Metric: 0.4985
Epoch 050 | Loss: 0.0145 | Val Loss: 0.5653 | Train Metric: 0.3525 | Val Metric: 0.4942
Epoch 060 | Loss: 0.0181 | Val Loss: 0.5668 | Train Metric: 0.3689 | Val Metric: 0.4877
Epoch 070 | Loss: 0.0160 | Val Loss: 0.5683 | Train Metric: 0.3827 | Val Metric: 0.4943
Epoch 080 | Loss: 0.0149 | Val Loss: 0.5664 | Train Metric: 0.3637 | Val Metric: 0.4923
Epoch 090 | Loss: 0.0165 | Val Loss: 0.5671 | Train Metric: 0.3574 | Val Metric: 0.4920
Epoch 100 | Loss: 0.0162 | Val Loss: 0.5670 | Train Metric: 0.3562 | Val Metric: 0.4918
