I'm echoing to stdout
I'm echoing to stderr
My JobID is 54913266
I have 2 CPUs on node r108u25n01
Importing...
/vast/palmer/home.mccleary/bsw38/GraphML/.conda/lib/python3.11/site-packages/outdated/__init__.py:36: UserWarning: pkg_resources is deprecated as an API. See https://setuptools.pypa.io/en/latest/pkg_resources.html. The pkg_resources package is slated for removal as early as 2025-11-30. Refrain from using this package or pin to Setuptools<81.
  from pkg_resources import parse_version
Imports complete
Hello, world!
41127
Smallest graph in molhiv dataset has 2 nodes
torch.Size([19, 9])
50.51520538330078 tensor([[  50.5152, -104.7091]], device='cuda:0', grad_fn=<SliceBackward0>)
Epoch 001 | New best val loss: 0.1725 (saved)
Epoch 001 | Loss: 0.0199 | Val Loss: 0.1725 | Train Metric: 0.4120 | Val Metric: 0.4017
Epoch 002 | New best val loss: 0.1675 (saved)
Epoch 002 | Loss: 0.0189 | Val Loss: 0.1675 | Train Metric: 0.3850 | Val Metric: 0.3899
Epoch 003 | Loss: 0.0188 | Val Loss: 0.1675 | Train Metric: 0.3836 | Val Metric: 0.3957
Epoch 004 | New best val loss: 0.1638 (saved)
Epoch 010 | Loss: 0.0180 | Val Loss: 0.1679 | Train Metric: 0.3860 | Val Metric: 0.3968
Epoch 016 | New best val loss: 0.1636 (saved)
Epoch 020 | Loss: 0.0186 | Val Loss: 0.1679 | Train Metric: 0.3780 | Val Metric: 0.4106
Epoch 030 | Loss: 0.0180 | Val Loss: 0.1661 | Train Metric: 0.3843 | Val Metric: 0.3838
Epoch 040 | Loss: 0.0158 | Val Loss: 0.1648 | Train Metric: 0.3681 | Val Metric: 0.3895
Epoch 050 | Loss: 0.0156 | Val Loss: 0.1675 | Train Metric: 0.3720 | Val Metric: 0.3828
Epoch 060 | Loss: 0.0170 | Val Loss: 0.1686 | Train Metric: 0.3706 | Val Metric: 0.3857
Epoch 066 | New best val loss: 0.1631 (saved)
Epoch 070 | Loss: 0.0165 | Val Loss: 0.1691 | Train Metric: 0.3661 | Val Metric: 0.3987
Epoch 080 | Loss: 0.0177 | Val Loss: 0.1695 | Train Metric: 0.3805 | Val Metric: 0.4167
Epoch 090 | Loss: 0.0177 | Val Loss: 0.1676 | Train Metric: 0.3802 | Val Metric: 0.3864
Epoch 100 | Loss: 0.0184 | Val Loss: 0.1692 | Train Metric: 0.3671 | Val Metric: 0.4000
Traceback (most recent call last):
  File "/vast/palmer/home.mccleary/bsw38/GraphML/./gcn_testing/main.py", line 207, in <module>
    main(eigMod, num_eigenvectors=num_eigenvectors)
  File "/vast/palmer/home.mccleary/bsw38/GraphML/./gcn_testing/main.py", line 195, in main
    model.load_state_dict(torch.load(save_path))
  File "/vast/palmer/home.mccleary/bsw38/GraphML/.conda/lib/python3.11/site-packages/torch/nn/modules/module.py", line 2593, in load_state_dict
    raise RuntimeError(
RuntimeError: Error(s) in loading state_dict for SpectralNetwork:
	size mismatch for spectral_conv.W1: copying a param with shape torch.Size([30, 9, 128]) from checkpoint, the shape in current model is torch.Size([45, 9, 128]).
	size mismatch for spectral_conv.W2: copying a param with shape torch.Size([30, 128, 128]) from checkpoint, the shape in current model is torch.Size([45, 128, 128]).
	size mismatch for spectral_conv.W3: copying a param with shape torch.Size([30, 128, 128]) from checkpoint, the shape in current model is torch.Size([45, 128, 128]).
