I'm echoing to stdout
I'm echoing to stderr
My JobID is 55417632
I have 1 CPUs on node r108u25n01
Retrieving notices: ...working... done
Source:      /vast/palmer/pi/krishnaswamy_smita/hcd22/.conda/envs/eigvecGCN
Destination: /home/bsw38/.conda/envs/eigvecGCN
Packages: 196
Files: 33209

Downloading and Extracting Packages: ...working... done

## Package Plan ##

  environment location: /home/bsw38/.conda/envs/eigvecGCN

  added / updated specs:
    - bioconda/noarch::phate==1.0.11=pyhdfd78af_0
    - bioconda/noarch::scprep==1.2.3=pyhdfd78af_0
    - conda-forge/linux-64::_libgcc_mutex==0.1=conda_forge
    - conda-forge/linux-64::_openmp_mutex==4.5=2_gnu
    - conda-forge/linux-64::alsa-lib==1.2.14=hb9d3cd8_0
    - conda-forge/linux-64::arpack==3.9.1=nompi_hf03ea27_102
    - conda-forge/linux-64::brotli-bin==1.1.0=hb9d3cd8_3
    - conda-forge/linux-64::brotli==1.1.0=hb9d3cd8_3
    - conda-forge/linux-64::bzip2==1.0.8=h4bc722e_7
    - conda-forge/linux-64::c-ares==1.34.5=hb9d3cd8_0
    - conda-forge/linux-64::cairo==1.18.4=h3394656_0
    - conda-forge/linux-64::contourpy==1.3.2=py312h68727a3_0
    - conda-forge/linux-64::curl==8.14.1=h332b0f4_0
    - conda-forge/linux-64::cyrus-sasl==2.1.28=hd9c7081_0
    - conda-forge/linux-64::dbus==1.13.6=h5008d03_3
    - conda-forge/linux-64::double-conversion==3.3.1=h5888daf_0
    - conda-forge/linux-64::expat==2.7.0=h5888daf_0
    - conda-forge/linux-64::fontconfig==2.15.0=h7e30c49_1
    - conda-forge/linux-64::fonttools==4.58.5=py312h178313f_0
    - conda-forge/linux-64::freetype==2.13.3=ha770c72_1
    - conda-forge/linux-64::git==2.49.0=pl5321h59d505e_0
    - conda-forge/linux-64::glpk==5.0=h445213a_0
    - conda-forge/linux-64::gmp==6.3.0=hac33072_2
    - conda-forge/linux-64::graphite2==1.3.14=h5888daf_0
    - conda-forge/linux-64::harfbuzz==11.2.1=h3beb420_0
    - conda-forge/linux-64::icu==75.1=he02047a_0
    - conda-forge/linux-64::julia==1.10.4=hf18f99d_1
    - conda-forge/linux-64::keyutils==1.6.1=h166bdaf_0
    - conda-forge/linux-64::kiwisolver==1.4.8=py312h68727a3_1
    - conda-forge/linux-64::krb5==1.21.3=h659f571_0
    - conda-forge/linux-64::lcms2==2.17=h717163a_0
    - conda-forge/linux-64::ld_impl_linux-64==2.44=h1423503_0
    - conda-forge/linux-64::lerc==4.0.0=h0aef613_1
    - conda-forge/linux-64::libamd==3.3.3=haaf9dc3_7100102
    - conda-forge/linux-64::libblas==3.9.0=32_h59b9bed_openblas
    - conda-forge/linux-64::libbrotlicommon==1.1.0=hb9d3cd8_3
    - conda-forge/linux-64::libbrotlidec==1.1.0=hb9d3cd8_3
    - conda-forge/linux-64::libbrotlienc==1.1.0=hb9d3cd8_3
    - conda-forge/linux-64::libbtf==2.3.2=h32481e8_7100102
    - conda-forge/linux-64::libcamd==3.3.3=h32481e8_7100102
    - conda-forge/linux-64::libcblas==3.9.0=32_he106b2a_openblas
    - conda-forge/linux-64::libccolamd==3.3.4=h32481e8_7100102
    - conda-forge/linux-64::libcholmod==5.3.1=h59ddab4_7100102
    - conda-forge/linux-64::libclang-cpp20.1==20.1.7=default_h1df26ce_0
    - conda-forge/linux-64::libclang13==20.1.7=default_he06ed0a_0
    - conda-forge/linux-64::libcolamd==3.3.4=h32481e8_7100102
    - conda-forge/linux-64::libcups==2.3.3=hb8b1518_5
    - conda-forge/linux-64::libcurl==8.14.1=h332b0f4_0
    - conda-forge/linux-64::libcxsparse==4.4.1=h32481e8_7100102
    - conda-forge/linux-64::libdeflate==1.24=h86f0d12_0
    - conda-forge/linux-64::libdrm==2.4.125=hb9d3cd8_0
    - conda-forge/linux-64::libedit==3.1.20250104=pl5321h7949ede_0
    - conda-forge/linux-64::libegl==1.7.0=ha4b6fd6_2
    - conda-forge/linux-64::libev==4.33=hd590300_2
    - conda-forge/linux-64::libexpat==2.7.0=h5888daf_0
    - conda-forge/linux-64::libffi==3.4.6=h2dba641_1
    - conda-forge/linux-64::libfreetype6==2.13.3=h48d6fc4_1
    - conda-forge/linux-64::libfreetype==2.13.3=ha770c72_1
    - conda-forge/linux-64::libgcc-ng==15.1.0=h69a702a_3
    - conda-forge/linux-64::libgcc==15.1.0=h767d61c_3
    - conda-forge/linux-64::libgfortran-ng==15.1.0=h69a702a_3
    - conda-forge/linux-64::libgfortran5==15.1.0=hcea5267_3
    - conda-forge/linux-64::libgfortran==15.1.0=h69a702a_3
    - conda-forge/linux-64::libgit2==1.8.4=hd24f944_1
    - conda-forge/linux-64::libgl==1.7.0=ha4b6fd6_2
    - conda-forge/linux-64::libglib==2.84.1=h2ff4ddf_0
    - conda-forge/linux-64::libglvnd==1.7.0=ha4b6fd6_2
    - conda-forge/linux-64::libglx==1.7.0=ha4b6fd6_2
    - conda-forge/linux-64::libgomp==15.1.0=h767d61c_3
    - conda-forge/linux-64::libiconv==1.18=h4ce23a2_1
    - conda-forge/linux-64::libjpeg-turbo==3.1.0=hb9d3cd8_0
    - conda-forge/linux-64::libklu==2.3.5=hf24d653_7100102
    - conda-forge/linux-64::liblapack==3.9.0=32_h7ac8fdf_openblas
    - conda-forge/linux-64::libldl==3.3.2=h32481e8_7100102
    - conda-forge/linux-64::libllvm20==20.1.7=he9d0ab4_0
    - conda-forge/linux-64::liblzma==5.8.1=hb9d3cd8_2
    - conda-forge/linux-64::libnghttp2==1.64.0=h161d5f1_0
    - conda-forge/linux-64::libnsl==2.0.1=hb9d3cd8_1
    - conda-forge/linux-64::libntlm==1.8=hb9d3cd8_0
    - conda-forge/linux-64::libopenblas-ilp64==0.3.30=pthreads_h3e26593_0
    - conda-forge/linux-64::libopenblas==0.3.30=pthreads_h94d23a6_0
    - conda-forge/linux-64::libopengl==1.7.0=ha4b6fd6_2
    - conda-forge/linux-64::libopenlibm4==0.8.1=hd590300_1
    - conda-forge/linux-64::libparu==1.0.0=h17147ab_7100102
    - conda-forge/linux-64::libpciaccess==0.18=hb9d3cd8_0
    - conda-forge/linux-64::libpng==1.6.50=h943b412_0
    - conda-forge/linux-64::libpq==17.5=h27ae623_0
    - conda-forge/linux-64::librbio==4.3.4=h32481e8_7100102
    - conda-forge/linux-64::libspex==3.2.3=had10066_7100102
    - conda-forge/linux-64::libspqr==4.3.4=h852d39f_7100102
    - conda-forge/linux-64::libsqlite==3.50.2=h6cd9bfd_0
    - conda-forge/linux-64::libssh2==1.11.1=hcf80075_0
    - conda-forge/linux-64::libstdcxx-ng==15.1.0=h4852527_3
    - conda-forge/linux-64::libstdcxx==15.1.0=h8f9b012_3
    - conda-forge/linux-64::libsuitesparseconfig==7.10.1=h92d6892_7100102
    - conda-forge/linux-64::libtiff==4.7.0=hf01ce69_5
    - conda-forge/linux-64::libumfpack==6.3.5=heb53515_7100102
    - conda-forge/linux-64::libunwind==1.6.2=h9c3ff4c_0
    - conda-forge/linux-64::libutf8proc==2.8.0=hf23e847_1
    - conda-forge/linux-64::libuuid==2.38.1=h0b41bf4_0
    - conda-forge/linux-64::libwebp-base==1.5.0=h851e524_0
    - conda-forge/linux-64::libxcb==1.17.0=h8a09558_0
    - conda-forge/linux-64::libxcrypt==4.4.36=hd590300_1
    - conda-forge/linux-64::libxkbcommon==1.10.0=h65c71a3_0
    - conda-forge/linux-64::libxml2==2.13.8=h4bc477f_0
    - conda-forge/linux-64::libxslt==1.1.39=h76b75d6_0
    - conda-forge/linux-64::libzlib==1.3.1=hb9d3cd8_2
    - conda-forge/linux-64::matplotlib-base==3.10.3=py312hd3ec401_0
    - conda-forge/linux-64::matplotlib==3.10.3=py312h7900ff3_0
    - conda-forge/linux-64::mbedtls==3.6.3.1=h5888daf_0
    - conda-forge/linux-64::metis==5.1.0=hd0bcaf9_1007
    - conda-forge/linux-64::mpfr==4.2.1=h90cbb55_3
    - conda-forge/linux-64::ncurses==6.5=h2d0b736_3
    - conda-forge/linux-64::numpy==2.3.1=py312h6cf2f7f_0
    - conda-forge/linux-64::openblas-ilp64==0.3.30=pthreads_h3d04fff_0
    - conda-forge/linux-64::openjpeg==2.5.3=h5fbd93e_0
    - conda-forge/linux-64::openldap==2.6.10=he970967_0
    - conda-forge/linux-64::openlibm==0.8.1=hd590300_1
    - conda-forge/linux-64::openssl==3.5.1=h7b32b05_0
    - conda-forge/linux-64::p7zip==16.02=h9c3ff4c_1001
    - conda-forge/linux-64::pandas==2.3.0=py312hf9745cd_0
    - conda-forge/linux-64::pcre2==10.44=hc749103_2
    - conda-forge/linux-64::perl==5.32.1=7_hd590300_perl5
    - conda-forge/linux-64::pillow==11.3.0=py312h80c1187_0
    - conda-forge/linux-64::pixman==0.46.2=h29eaf8c_0
    - conda-forge/linux-64::pthread-stubs==0.4=hb9d3cd8_1002
    - conda-forge/linux-64::pyside6==6.9.0=py312h91f0f75_0
    - conda-forge/linux-64::python-igraph==0.11.9=py312h0678577_0
    - conda-forge/linux-64::python==3.12.11=h9e4cc4f_0_cpython
    - conda-forge/linux-64::qhull==2020.2=h434a139_5
    - conda-forge/linux-64::qt6-main==6.9.0=h8d00660_2
    - conda-forge/linux-64::readline==8.2=h8c095d6_2
    - conda-forge/linux-64::s_gd2==1.8.1=py312h68727a3_4
    - conda-forge/linux-64::scikit-learn==1.7.0=py312h7a48858_1
    - conda-forge/linux-64::scipy==1.16.0=py312hf734454_0
    - conda-forge/linux-64::suitesparse==7.10.1=ha0f6916_7100102
    - conda-forge/linux-64::tk==8.6.13=noxft_hd72426e_102
    - conda-forge/linux-64::tornado==6.5.1=py312h66e93f0_0
    - conda-forge/linux-64::unicodedata2==16.0.0=py312h66e93f0_0
    - conda-forge/linux-64::wayland==1.24.0=h3e06ad9_0
    - conda-forge/linux-64::wrapt==1.17.2=py312h66e93f0_0
    - conda-forge/linux-64::xcb-util-cursor==0.1.5=hb9d3cd8_0
    - conda-forge/linux-64::xcb-util-image==0.4.0=hb711507_2
    - conda-forge/linux-64::xcb-util-keysyms==0.4.1=hb711507_0
    - conda-forge/linux-64::xcb-util-renderutil==0.3.10=hb711507_0
    - conda-forge/linux-64::xcb-util-wm==0.4.2=hb711507_0
    - conda-forge/linux-64::xcb-util==0.4.1=h4f16b4b_2
    - conda-forge/linux-64::xkeyboard-config==2.45=hb9d3cd8_0
    - conda-forge/linux-64::xorg-libice==1.1.2=hb9d3cd8_0
    - conda-forge/linux-64::xorg-libsm==1.2.6=he73a12e_0
    - conda-forge/linux-64::xorg-libx11==1.8.12=h4f16b4b_0
    - conda-forge/linux-64::xorg-libxau==1.0.12=hb9d3cd8_0
    - conda-forge/linux-64::xorg-libxcomposite==0.4.6=hb9d3cd8_2
    - conda-forge/linux-64::xorg-libxcursor==1.2.3=hb9d3cd8_0
    - conda-forge/linux-64::xorg-libxdamage==1.1.6=hb9d3cd8_0
    - conda-forge/linux-64::xorg-libxdmcp==1.1.5=hb9d3cd8_0
    - conda-forge/linux-64::xorg-libxext==1.3.6=hb9d3cd8_0
    - conda-forge/linux-64::xorg-libxfixes==6.0.1=hb9d3cd8_0
    - conda-forge/linux-64::xorg-libxi==1.8.2=hb9d3cd8_0
    - conda-forge/linux-64::xorg-libxrandr==1.5.4=hb9d3cd8_0
    - conda-forge/linux-64::xorg-libxrender==0.9.12=hb9d3cd8_0
    - conda-forge/linux-64::xorg-libxtst==1.2.5=hb9d3cd8_3
    - conda-forge/linux-64::xorg-libxxf86vm==1.1.6=hb9d3cd8_0
    - conda-forge/linux-64::zlib==1.3.1=hb9d3cd8_2
    - conda-forge/linux-64::zstd==1.5.7=hb8e6e7a_2
    - conda-forge/noarch::_x86_64-microarch-level==4=2_icelake
    - conda-forge/noarch::ca-certificates==2025.6.15=hbd8a1cb_0
    - conda-forge/noarch::cycler==0.12.1=pyhd8ed1ab_1
    - conda-forge/noarch::decorator==5.2.1=pyhd8ed1ab_0
    - conda-forge/noarch::deprecated==1.2.18=pyhd8ed1ab_0
    - conda-forge/noarch::font-ttf-dejavu-sans-mono==2.37=hab24e00_0
    - conda-forge/noarch::font-ttf-inconsolata==3.000=h77eed37_0
    - conda-forge/noarch::font-ttf-source-code-pro==2.038=h77eed37_0
    - conda-forge/noarch::font-ttf-ubuntu==0.83=h77eed37_3
    - conda-forge/noarch::fonts-conda-ecosystem==1=0
    - conda-forge/noarch::fonts-conda-forge==1=0
    - conda-forge/noarch::future==1.0.0=pyhd8ed1ab_2
    - conda-forge/noarch::graphtools==1.5.3=pyhd8ed1ab_0
    - conda-forge/noarch::joblib==1.5.1=pyhd8ed1ab_0
    - conda-forge/noarch::munkres==1.1.4=pyhd8ed1ab_1
    - conda-forge/noarch::packaging==25.0=pyh29332c3_1
    - conda-forge/noarch::pip==25.1.1=pyh8b19718_0
    - conda-forge/noarch::pygsp==0.5.1=py_0
    - conda-forge/noarch::pyjulia==0.6.2=pyhd8ed1ab_0
    - conda-forge/noarch::pyparsing==3.2.3=pyhd8ed1ab_1
    - conda-forge/noarch::python-dateutil==2.9.0.post0=pyhe01879c_2
    - conda-forge/noarch::python-tzdata==2025.2=pyhd8ed1ab_0
    - conda-forge/noarch::python_abi==3.12=7_cp312
    - conda-forge/noarch::pytz==2025.2=pyhd8ed1ab_0
    - conda-forge/noarch::setuptools==80.9.0=pyhff2d567_0
    - conda-forge/noarch::six==1.17.0=pyhd8ed1ab_0
    - conda-forge/noarch::tasklogger==1.2.0=pyhd8ed1ab_0
    - conda-forge/noarch::texttable==1.7.0=pyhd8ed1ab_1
    - conda-forge/noarch::threadpoolctl==3.6.0=pyhecae5ae_0
    - conda-forge/noarch::tzdata==2025b=h78e105d_0
    - conda-forge/noarch::wheel==0.45.1=pyhd8ed1ab_1


The following NEW packages will be INSTALLED:

  _libgcc_mutex      conda-forge/linux-64::_libgcc_mutex-0.1-conda_forge 
  _openmp_mutex      conda-forge/linux-64::_openmp_mutex-4.5-2_gnu 
  _x86_64-microarch~ conda-forge/noarch::_x86_64-microarch-level-4-2_icelake 
  alsa-lib           conda-forge/linux-64::alsa-lib-1.2.14-hb9d3cd8_0 
  arpack             conda-forge/linux-64::arpack-3.9.1-nompi_hf03ea27_102 
  brotli             conda-forge/linux-64::brotli-1.1.0-hb9d3cd8_3 
  brotli-bin         conda-forge/linux-64::brotli-bin-1.1.0-hb9d3cd8_3 
  bzip2              conda-forge/linux-64::bzip2-1.0.8-h4bc722e_7 
  c-ares             conda-forge/linux-64::c-ares-1.34.5-hb9d3cd8_0 
  ca-certificates    conda-forge/noarch::ca-certificates-2025.6.15-hbd8a1cb_0 
  cairo              conda-forge/linux-64::cairo-1.18.4-h3394656_0 
  contourpy          conda-forge/linux-64::contourpy-1.3.2-py312h68727a3_0 
  curl               conda-forge/linux-64::curl-8.14.1-h332b0f4_0 
  cycler             conda-forge/noarch::cycler-0.12.1-pyhd8ed1ab_1 
  cyrus-sasl         conda-forge/linux-64::cyrus-sasl-2.1.28-hd9c7081_0 
  dbus               conda-forge/linux-64::dbus-1.13.6-h5008d03_3 
  decorator          conda-forge/noarch::decorator-5.2.1-pyhd8ed1ab_0 
  deprecated         conda-forge/noarch::deprecated-1.2.18-pyhd8ed1ab_0 
  double-conversion  conda-forge/linux-64::double-conversion-3.3.1-h5888daf_0 
  expat              conda-forge/linux-64::expat-2.7.0-h5888daf_0 
  font-ttf-dejavu-s~ conda-forge/noarch::font-ttf-dejavu-sans-mono-2.37-hab24e00_0 
  font-ttf-inconsol~ conda-forge/noarch::font-ttf-inconsolata-3.000-h77eed37_0 
  font-ttf-source-c~ conda-forge/noarch::font-ttf-source-code-pro-2.038-h77eed37_0 
  font-ttf-ubuntu    conda-forge/noarch::font-ttf-ubuntu-0.83-h77eed37_3 
  fontconfig         conda-forge/linux-64::fontconfig-2.15.0-h7e30c49_1 
  fonts-conda-ecosy~ conda-forge/noarch::fonts-conda-ecosystem-1-0 
  fonts-conda-forge  conda-forge/noarch::fonts-conda-forge-1-0 
  fonttools          conda-forge/linux-64::fonttools-4.58.5-py312h178313f_0 
  freetype           conda-forge/linux-64::freetype-2.13.3-ha770c72_1 
  future             conda-forge/noarch::future-1.0.0-pyhd8ed1ab_2 
  git                conda-forge/linux-64::git-2.49.0-pl5321h59d505e_0 
  glpk               conda-forge/linux-64::glpk-5.0-h445213a_0 
  gmp                conda-forge/linux-64::gmp-6.3.0-hac33072_2 
  graphite2          conda-forge/linux-64::graphite2-1.3.14-h5888daf_0 
  graphtools         conda-forge/noarch::graphtools-1.5.3-pyhd8ed1ab_0 
  harfbuzz           conda-forge/linux-64::harfbuzz-11.2.1-h3beb420_0 
  icu                conda-forge/linux-64::icu-75.1-he02047a_0 
  joblib             conda-forge/noarch::joblib-1.5.1-pyhd8ed1ab_0 
  julia              conda-forge/linux-64::julia-1.10.4-hf18f99d_1 
  keyutils           conda-forge/linux-64::keyutils-1.6.1-h166bdaf_0 
  kiwisolver         conda-forge/linux-64::kiwisolver-1.4.8-py312h68727a3_1 
  krb5               conda-forge/linux-64::krb5-1.21.3-h659f571_0 
  lcms2              conda-forge/linux-64::lcms2-2.17-h717163a_0 
  ld_impl_linux-64   conda-forge/linux-64::ld_impl_linux-64-2.44-h1423503_0 
  lerc               conda-forge/linux-64::lerc-4.0.0-h0aef613_1 
  libamd             conda-forge/linux-64::libamd-3.3.3-haaf9dc3_7100102 
  libblas            conda-forge/linux-64::libblas-3.9.0-32_h59b9bed_openblas 
  libbrotlicommon    conda-forge/linux-64::libbrotlicommon-1.1.0-hb9d3cd8_3 
  libbrotlidec       conda-forge/linux-64::libbrotlidec-1.1.0-hb9d3cd8_3 
  libbrotlienc       conda-forge/linux-64::libbrotlienc-1.1.0-hb9d3cd8_3 
  libbtf             conda-forge/linux-64::libbtf-2.3.2-h32481e8_7100102 
  libcamd            conda-forge/linux-64::libcamd-3.3.3-h32481e8_7100102 
  libcblas           conda-forge/linux-64::libcblas-3.9.0-32_he106b2a_openblas 
  libccolamd         conda-forge/linux-64::libccolamd-3.3.4-h32481e8_7100102 
  libcholmod         conda-forge/linux-64::libcholmod-5.3.1-h59ddab4_7100102 
  libclang-cpp20.1   conda-forge/linux-64::libclang-cpp20.1-20.1.7-default_h1df26ce_0 
  libclang13         conda-forge/linux-64::libclang13-20.1.7-default_he06ed0a_0 
  libcolamd          conda-forge/linux-64::libcolamd-3.3.4-h32481e8_7100102 
  libcups            conda-forge/linux-64::libcups-2.3.3-hb8b1518_5 
  libcurl            conda-forge/linux-64::libcurl-8.14.1-h332b0f4_0 
  libcxsparse        conda-forge/linux-64::libcxsparse-4.4.1-h32481e8_7100102 
  libdeflate         conda-forge/linux-64::libdeflate-1.24-h86f0d12_0 
  libdrm             conda-forge/linux-64::libdrm-2.4.125-hb9d3cd8_0 
  libedit            conda-forge/linux-64::libedit-3.1.20250104-pl5321h7949ede_0 
  libegl             conda-forge/linux-64::libegl-1.7.0-ha4b6fd6_2 
  libev              conda-forge/linux-64::libev-4.33-hd590300_2 
  libexpat           conda-forge/linux-64::libexpat-2.7.0-h5888daf_0 
  libffi             conda-forge/linux-64::libffi-3.4.6-h2dba641_1 
  libfreetype        conda-forge/linux-64::libfreetype-2.13.3-ha770c72_1 
  libfreetype6       conda-forge/linux-64::libfreetype6-2.13.3-h48d6fc4_1 
  libgcc             conda-forge/linux-64::libgcc-15.1.0-h767d61c_3 
  libgcc-ng          conda-forge/linux-64::libgcc-ng-15.1.0-h69a702a_3 
  libgfortran        conda-forge/linux-64::libgfortran-15.1.0-h69a702a_3 
  libgfortran-ng     conda-forge/linux-64::libgfortran-ng-15.1.0-h69a702a_3 
  libgfortran5       conda-forge/linux-64::libgfortran5-15.1.0-hcea5267_3 
  libgit2            conda-forge/linux-64::libgit2-1.8.4-hd24f944_1 
  libgl              conda-forge/linux-64::libgl-1.7.0-ha4b6fd6_2 
  libglib            conda-forge/linux-64::libglib-2.84.1-h2ff4ddf_0 
  libglvnd           conda-forge/linux-64::libglvnd-1.7.0-ha4b6fd6_2 
  libglx             conda-forge/linux-64::libglx-1.7.0-ha4b6fd6_2 
  libgomp            conda-forge/linux-64::libgomp-15.1.0-h767d61c_3 
  libiconv           conda-forge/linux-64::libiconv-1.18-h4ce23a2_1 
  libjpeg-turbo      conda-forge/linux-64::libjpeg-turbo-3.1.0-hb9d3cd8_0 
  libklu             conda-forge/linux-64::libklu-2.3.5-hf24d653_7100102 
  liblapack          conda-forge/linux-64::liblapack-3.9.0-32_h7ac8fdf_openblas 
  libldl             conda-forge/linux-64::libldl-3.3.2-h32481e8_7100102 
  libllvm20          conda-forge/linux-64::libllvm20-20.1.7-he9d0ab4_0 
  liblzma            conda-forge/linux-64::liblzma-5.8.1-hb9d3cd8_2 
  libnghttp2         conda-forge/linux-64::libnghttp2-1.64.0-h161d5f1_0 
  libnsl             conda-forge/linux-64::libnsl-2.0.1-hb9d3cd8_1 
  libntlm            conda-forge/linux-64::libntlm-1.8-hb9d3cd8_0 
  libopenblas        conda-forge/linux-64::libopenblas-0.3.30-pthreads_h94d23a6_0 
  libopenblas-ilp64  conda-forge/linux-64::libopenblas-ilp64-0.3.30-pthreads_h3e26593_0 
  libopengl          conda-forge/linux-64::libopengl-1.7.0-ha4b6fd6_2 
  libopenlibm4       conda-forge/linux-64::libopenlibm4-0.8.1-hd590300_1 
  libparu            conda-forge/linux-64::libparu-1.0.0-h17147ab_7100102 
  libpciaccess       conda-forge/linux-64::libpciaccess-0.18-hb9d3cd8_0 
  libpng             conda-forge/linux-64::libpng-1.6.50-h943b412_0 
  libpq              conda-forge/linux-64::libpq-17.5-h27ae623_0 
  librbio            conda-forge/linux-64::librbio-4.3.4-h32481e8_7100102 
  libspex            conda-forge/linux-64::libspex-3.2.3-had10066_7100102 
  libspqr            conda-forge/linux-64::libspqr-4.3.4-h852d39f_7100102 
  libsqlite          conda-forge/linux-64::libsqlite-3.50.2-h6cd9bfd_0 
  libssh2            conda-forge/linux-64::libssh2-1.11.1-hcf80075_0 
  libstdcxx          conda-forge/linux-64::libstdcxx-15.1.0-h8f9b012_3 
  libstdcxx-ng       conda-forge/linux-64::libstdcxx-ng-15.1.0-h4852527_3 
  libsuitesparsecon~ conda-forge/linux-64::libsuitesparseconfig-7.10.1-h92d6892_7100102 
  libtiff            conda-forge/linux-64::libtiff-4.7.0-hf01ce69_5 
  libumfpack         conda-forge/linux-64::libumfpack-6.3.5-heb53515_7100102 
  libunwind          conda-forge/linux-64::libunwind-1.6.2-h9c3ff4c_0 
  libutf8proc        conda-forge/linux-64::libutf8proc-2.8.0-hf23e847_1 
  libuuid            conda-forge/linux-64::libuuid-2.38.1-h0b41bf4_0 
  libwebp-base       conda-forge/linux-64::libwebp-base-1.5.0-h851e524_0 
  libxcb             conda-forge/linux-64::libxcb-1.17.0-h8a09558_0 
  libxcrypt          conda-forge/linux-64::libxcrypt-4.4.36-hd590300_1 
  libxkbcommon       conda-forge/linux-64::libxkbcommon-1.10.0-h65c71a3_0 
  libxml2            conda-forge/linux-64::libxml2-2.13.8-h4bc477f_0 
  libxslt            conda-forge/linux-64::libxslt-1.1.39-h76b75d6_0 
  libzlib            conda-forge/linux-64::libzlib-1.3.1-hb9d3cd8_2 
  matplotlib         conda-forge/linux-64::matplotlib-3.10.3-py312h7900ff3_0 
  matplotlib-base    conda-forge/linux-64::matplotlib-base-3.10.3-py312hd3ec401_0 
  mbedtls            conda-forge/linux-64::mbedtls-3.6.3.1-h5888daf_0 
  metis              conda-forge/linux-64::metis-5.1.0-hd0bcaf9_1007 
  mpfr               conda-forge/linux-64::mpfr-4.2.1-h90cbb55_3 
  munkres            conda-forge/noarch::munkres-1.1.4-pyhd8ed1ab_1 
  ncurses            conda-forge/linux-64::ncurses-6.5-h2d0b736_3 
  numpy              conda-forge/linux-64::numpy-2.3.1-py312h6cf2f7f_0 
  openblas-ilp64     conda-forge/linux-64::openblas-ilp64-0.3.30-pthreads_h3d04fff_0 
  openjpeg           conda-forge/linux-64::openjpeg-2.5.3-h5fbd93e_0 
  openldap           conda-forge/linux-64::openldap-2.6.10-he970967_0 
  openlibm           conda-forge/linux-64::openlibm-0.8.1-hd590300_1 
  openssl            conda-forge/linux-64::openssl-3.5.1-h7b32b05_0 
  p7zip              conda-forge/linux-64::p7zip-16.02-h9c3ff4c_1001 
  packaging          conda-forge/noarch::packaging-25.0-pyh29332c3_1 
  pandas             conda-forge/linux-64::pandas-2.3.0-py312hf9745cd_0 
  pcre2              conda-forge/linux-64::pcre2-10.44-hc749103_2 
  perl               conda-forge/linux-64::perl-5.32.1-7_hd590300_perl5 
  phate              bioconda/noarch::phate-1.0.11-pyhdfd78af_0 
  pillow             conda-forge/linux-64::pillow-11.3.0-py312h80c1187_0 
  pip                conda-forge/noarch::pip-25.1.1-pyh8b19718_0 
  pixman             conda-forge/linux-64::pixman-0.46.2-h29eaf8c_0 
  pthread-stubs      conda-forge/linux-64::pthread-stubs-0.4-hb9d3cd8_1002 
  pygsp              conda-forge/noarch::pygsp-0.5.1-py_0 
  pyjulia            conda-forge/noarch::pyjulia-0.6.2-pyhd8ed1ab_0 
  pyparsing          conda-forge/noarch::pyparsing-3.2.3-pyhd8ed1ab_1 
  pyside6            conda-forge/linux-64::pyside6-6.9.0-py312h91f0f75_0 
  python             conda-forge/linux-64::python-3.12.11-h9e4cc4f_0_cpython 
  python-dateutil    conda-forge/noarch::python-dateutil-2.9.0.post0-pyhe01879c_2 
  python-igraph      conda-forge/linux-64::python-igraph-0.11.9-py312h0678577_0 
  python-tzdata      conda-forge/noarch::python-tzdata-2025.2-pyhd8ed1ab_0 
  python_abi         conda-forge/noarch::python_abi-3.12-7_cp312 
  pytz               conda-forge/noarch::pytz-2025.2-pyhd8ed1ab_0 
  qhull              conda-forge/linux-64::qhull-2020.2-h434a139_5 
  qt6-main           conda-forge/linux-64::qt6-main-6.9.0-h8d00660_2 
  readline           conda-forge/linux-64::readline-8.2-h8c095d6_2 
  s_gd2              conda-forge/linux-64::s_gd2-1.8.1-py312h68727a3_4 
  scikit-learn       conda-forge/linux-64::scikit-learn-1.7.0-py312h7a48858_1 
  scipy              conda-forge/linux-64::scipy-1.16.0-py312hf734454_0 
  scprep             bioconda/noarch::scprep-1.2.3-pyhdfd78af_0 
  setuptools         conda-forge/noarch::setuptools-80.9.0-pyhff2d567_0 
  six                conda-forge/noarch::six-1.17.0-pyhd8ed1ab_0 
  suitesparse        conda-forge/linux-64::suitesparse-7.10.1-ha0f6916_7100102 
  tasklogger         conda-forge/noarch::tasklogger-1.2.0-pyhd8ed1ab_0 
  texttable          conda-forge/noarch::texttable-1.7.0-pyhd8ed1ab_1 
  threadpoolctl      conda-forge/noarch::threadpoolctl-3.6.0-pyhecae5ae_0 
  tk                 conda-forge/linux-64::tk-8.6.13-noxft_hd72426e_102 
  tornado            conda-forge/linux-64::tornado-6.5.1-py312h66e93f0_0 
  tzdata             conda-forge/noarch::tzdata-2025b-h78e105d_0 
  unicodedata2       conda-forge/linux-64::unicodedata2-16.0.0-py312h66e93f0_0 
  wayland            conda-forge/linux-64::wayland-1.24.0-h3e06ad9_0 
  wheel              conda-forge/noarch::wheel-0.45.1-pyhd8ed1ab_1 
  wrapt              conda-forge/linux-64::wrapt-1.17.2-py312h66e93f0_0 
  xcb-util           conda-forge/linux-64::xcb-util-0.4.1-h4f16b4b_2 
  xcb-util-cursor    conda-forge/linux-64::xcb-util-cursor-0.1.5-hb9d3cd8_0 
  xcb-util-image     conda-forge/linux-64::xcb-util-image-0.4.0-hb711507_2 
  xcb-util-keysyms   conda-forge/linux-64::xcb-util-keysyms-0.4.1-hb711507_0 
  xcb-util-renderut~ conda-forge/linux-64::xcb-util-renderutil-0.3.10-hb711507_0 
  xcb-util-wm        conda-forge/linux-64::xcb-util-wm-0.4.2-hb711507_0 
  xkeyboard-config   conda-forge/linux-64::xkeyboard-config-2.45-hb9d3cd8_0 
  xorg-libice        conda-forge/linux-64::xorg-libice-1.1.2-hb9d3cd8_0 
  xorg-libsm         conda-forge/linux-64::xorg-libsm-1.2.6-he73a12e_0 
  xorg-libx11        conda-forge/linux-64::xorg-libx11-1.8.12-h4f16b4b_0 
  xorg-libxau        conda-forge/linux-64::xorg-libxau-1.0.12-hb9d3cd8_0 
  xorg-libxcomposite conda-forge/linux-64::xorg-libxcomposite-0.4.6-hb9d3cd8_2 
  xorg-libxcursor    conda-forge/linux-64::xorg-libxcursor-1.2.3-hb9d3cd8_0 
  xorg-libxdamage    conda-forge/linux-64::xorg-libxdamage-1.1.6-hb9d3cd8_0 
  xorg-libxdmcp      conda-forge/linux-64::xorg-libxdmcp-1.1.5-hb9d3cd8_0 
  xorg-libxext       conda-forge/linux-64::xorg-libxext-1.3.6-hb9d3cd8_0 
  xorg-libxfixes     conda-forge/linux-64::xorg-libxfixes-6.0.1-hb9d3cd8_0 
  xorg-libxi         conda-forge/linux-64::xorg-libxi-1.8.2-hb9d3cd8_0 
  xorg-libxrandr     conda-forge/linux-64::xorg-libxrandr-1.5.4-hb9d3cd8_0 
  xorg-libxrender    conda-forge/linux-64::xorg-libxrender-0.9.12-hb9d3cd8_0 
  xorg-libxtst       conda-forge/linux-64::xorg-libxtst-1.2.5-hb9d3cd8_3 
  xorg-libxxf86vm    conda-forge/linux-64::xorg-libxxf86vm-1.1.6-hb9d3cd8_0 
  zlib               conda-forge/linux-64::zlib-1.3.1-hb9d3cd8_2 
  zstd               conda-forge/linux-64::zstd-1.5.7-hb8e6e7a_2 



Downloading and Extracting Packages: ...working... done
Preparing transaction: ...working... done
Verifying transaction: ...working... done
Executing transaction: ...working... done
#
# To activate this environment, use
#
#     $ conda activate eigvecGCN
#
# To deactivate an active environment, use
#
#     $ conda deactivate

