I'm echoing to stdout
I'm echoing to stderr
My JobID is 54777493
I have 4 CPUs on node r108u25n01
Importing...
/vast/palmer/home.mccleary/bsw38/GraphML/.conda/lib/python3.11/site-packages/outdated/__init__.py:36: UserWarning: pkg_resources is deprecated as an API. See https://setuptools.pypa.io/en/latest/pkg_resources.html. The pkg_resources package is slated for removal as early as 2025-11-30. Refrain from using this package or pin to Setuptools<81.
  from pkg_resources import parse_version
Imports complete
Hello, world!
41127
Smallest graph in molhiv dataset has 2 nodes
torch.Size([19, 9])
0.06755180656909943 tensor([[0.0676, 0.0934]], device='cuda:0', grad_fn=<SliceBackward0>)
Epoch 001 | New best val loss: 30.9349 (saved)
Epoch 001 | Loss: 30.1805 | Val Loss: 30.9349 | Metric: 0.1165
Epoch 002 | New best val loss: 20.9577 (saved)
Epoch 002 | Loss: 24.0780 | Val Loss: 20.9577 | Metric: 0.0754
Epoch 003 | New best val loss: 16.8639 (saved)
Epoch 003 | Loss: 18.6130 | Val Loss: 16.8639 | Metric: 0.0640
Epoch 008 | New best val loss: 2.4827 (saved)
Epoch 010 | Loss: 17.5977 | Val Loss: 8.4786 | Metric: 0.0727
Epoch 020 | Loss: 15.9503 | Val Loss: 36.5952 | Metric: 0.1041
Epoch 030 | Loss: 20.1161 | Val Loss: 6.3958 | Metric: 0.0683
Epoch 034 | New best val loss: 2.1250 (saved)
Epoch 040 | Loss: 21.6766 | Val Loss: 7.5206 | Metric: 0.0688
Epoch 050 | Loss: 25.5255 | Val Loss: 5.9118 | Metric: 0.0562
Epoch 060 | Loss: 22.6976 | Val Loss: 19.7195 | Metric: 0.0795
Epoch 063 | New best val loss: 1.0493 (saved)
Epoch 070 | Loss: 19.2155 | Val Loss: 15.0418 | Metric: 0.0571
Epoch 080 | Loss: 20.6836 | Val Loss: 67.9889 | Metric: 0.3444
Epoch 090 | Loss: 17.5113 | Val Loss: 24.9004 | Metric: 0.0683
Epoch 100 | Loss: 13.0375 | Val Loss: 6.3023 | Metric: 0.0783
