I'm echoing to stdout
I'm echoing to stderr
My JobID is 54740603
I have 4 CPUs on node r108u25n01
Importing...
/vast/palmer/home.mccleary/bsw38/GraphML/.conda/lib/python3.11/site-packages/outdated/__init__.py:36: UserWarning: pkg_resources is deprecated as an API. See https://setuptools.pypa.io/en/latest/pkg_resources.html. The pkg_resources package is slated for removal as early as 2025-11-30. Refrain from using this package or pin to Setuptools<81.
  from pkg_resources import parse_version
Imports complete
Hello, world!
41127
Smallest graph in molhiv dataset has 2 nodes
torch.Size([19, 9])
0.06755180656909943 tensor([[0.0676, 0.0934]], device='cuda:0', grad_fn=<SliceBackward0>)
Epoch 001 | New best val loss: 1.3363 (saved)
Epoch 001 | Loss: 4.4209 | Val Loss: 1.3363 | Metric: 0.0518
Epoch 002 | New best val loss: 0.6877 (saved)
Epoch 002 | Loss: 1.1133 | Val Loss: 0.6877 | Metric: 0.0469
Epoch 003 | New best val loss: 0.6808 (saved)
Epoch 003 | Loss: 0.7067 | Val Loss: 0.6808 | Metric: 0.0464
Epoch 004 | New best val loss: 0.5991 (saved)
Epoch 010 | Loss: 0.5726 | Val Loss: 0.9062 | Metric: 0.0445
Epoch 020 | Loss: 0.5291 | Val Loss: 0.8040 | Metric: 0.0455
Epoch 030 | Loss: 0.5825 | Val Loss: 0.8960 | Metric: 0.0457
Epoch 040 | Loss: 0.5809 | Val Loss: 0.7752 | Metric: 0.0472
Epoch 050 | Loss: 0.5927 | Val Loss: 0.8945 | Metric: 0.0452
Epoch 060 | Loss: 0.6592 | Val Loss: 0.7221 | Metric: 0.0445
Epoch 070 | Loss: 0.5706 | Val Loss: 0.8397 | Metric: 0.0457
Epoch 071 | New best val loss: 0.5017 (saved)
Epoch 080 | Loss: 0.6315 | Val Loss: 0.6469 | Metric: 0.0496
Epoch 090 | Loss: 0.6306 | Val Loss: 0.6860 | Metric: 0.0469
Epoch 100 | Loss: 0.5982 | Val Loss: 0.7504 | Metric: 0.0452
