I'm echoing to stdout
I'm echoing to stderr
My JobID is 54796137
I have 4 CPUs on node r108u25n01
Importing...
/vast/palmer/home.mccleary/bsw38/GraphML/.conda/lib/python3.11/site-packages/outdated/__init__.py:36: UserWarning: pkg_resources is deprecated as an API. See https://setuptools.pypa.io/en/latest/pkg_resources.html. The pkg_resources package is slated for removal as early as 2025-11-30. Refrain from using this package or pin to Setuptools<81.
  from pkg_resources import parse_version
Imports complete
Hello, world!
41127
Smallest graph in molhiv dataset has 2 nodes
torch.Size([19, 9])
0.09811854362487793 tensor([[-0.0981,  0.2394]], device='cuda:0', grad_fn=<SliceBackward0>)
Epoch 001 | New best val loss: 5.9907 (saved)
Epoch 001 | Loss: 26.6266 | Val Loss: 5.9907 | Metric: 0.4853
Epoch 002 | New best val loss: 1.0266 (saved)
Epoch 002 | Loss: 6.9486 | Val Loss: 1.0266 | Metric: 0.5000
Epoch 003 | New best val loss: 0.8402 (saved)
Epoch 003 | Loss: 1.9749 | Val Loss: 0.8402 | Metric: 0.5016
Epoch 007 | New best val loss: 0.8060 (saved)
Epoch 008 | New best val loss: 0.5472 (saved)
Epoch 010 | Loss: 0.8228 | Val Loss: 0.8320 | Metric: 0.4851
Epoch 020 | Loss: 0.8302 | Val Loss: 0.7206 | Metric: 0.4984
Epoch 030 | Loss: 0.8235 | Val Loss: 0.6080 | Metric: 0.4820
Epoch 040 | Loss: 0.7134 | Val Loss: 1.3058 | Metric: 0.5174
Epoch 050 | Loss: 0.8452 | Val Loss: 0.6004 | Metric: 0.4940
Epoch 060 | Loss: 0.8677 | Val Loss: 0.7787 | Metric: 0.4925
Epoch 070 | Loss: 0.8274 | Val Loss: 0.7077 | Metric: 0.4957
Epoch 080 | Loss: 0.6788 | Val Loss: 0.8299 | Metric: 0.5005
Epoch 081 | New best val loss: 0.5220 (saved)
Epoch 082 | New best val loss: 0.4786 (saved)
Epoch 090 | Loss: 0.7791 | Val Loss: 0.5568 | Metric: 0.4898
Epoch 100 | Loss: 0.7473 | Val Loss: 0.7348 | Metric: 0.4920
