I'm echoing to stdout
I'm echoing to stderr
My JobID is 54808482
I have 4 CPUs on node r108u25n01
Importing...
/vast/palmer/home.mccleary/bsw38/GraphML/.conda/lib/python3.11/site-packages/outdated/__init__.py:36: UserWarning: pkg_resources is deprecated as an API. See https://setuptools.pypa.io/en/latest/pkg_resources.html. The pkg_resources package is slated for removal as early as 2025-11-30. Refrain from using this package or pin to Setuptools<81.
  from pkg_resources import parse_version
Imports complete
Hello, world!
41127
Smallest graph in molhiv dataset has 2 nodes
torch.Size([19, 9])
0.09811830520629883 tensor([[-0.0981,  0.2394]], device='cuda:0', grad_fn=<SliceBackward0>)
Epoch 001 | New best val loss: 9.9555 (saved)
Epoch 001 | Loss: 1.9563 | Val Loss: 9.9555 | Metric: 0.4973
Epoch 002 | New best val loss: 3.4715 (saved)
Epoch 002 | Loss: 0.9311 | Val Loss: 3.4715 | Metric: 0.4940
Epoch 003 | Loss: 0.6861 | Val Loss: 3.8374 | Metric: 0.5028
Epoch 006 | New best val loss: 2.0579 (saved)
Epoch 007 | New best val loss: 1.7740 (saved)
Epoch 009 | New best val loss: 1.2591 (saved)
Epoch 010 | New best val loss: 1.2106 (saved)
Epoch 010 | Loss: 0.1528 | Val Loss: 1.2106 | Metric: 0.4914
Epoch 013 | New best val loss: 1.1231 (saved)
Epoch 015 | New best val loss: 0.7088 (saved)
Epoch 019 | New best val loss: 0.7060 (saved)
Epoch 020 | Loss: 0.0552 | Val Loss: 0.7965 | Metric: 0.4944
Epoch 021 | New best val loss: 0.5898 (saved)
Epoch 023 | New best val loss: 0.5031 (saved)
Epoch 030 | Loss: 0.0320 | Val Loss: 0.6223 | Metric: 0.5023
slurmstepd: error: *** JOB 54808482 ON r108u25n01 CANCELLED AT 2025-06-23T10:26:46 ***
