I'm echoing to stdout
I'm echoing to stderr
My JobID is 54873305
I have 2 CPUs on node r108u25n01
Importing...
/vast/palmer/home.mccleary/bsw38/GraphML/.conda/lib/python3.11/site-packages/outdated/__init__.py:36: UserWarning: pkg_resources is deprecated as an API. See https://setuptools.pypa.io/en/latest/pkg_resources.html. The pkg_resources package is slated for removal as early as 2025-11-30. Refrain from using this package or pin to Setuptools<81.
  from pkg_resources import parse_version
Imports complete
Hello, world!
41127
Smallest graph in molhiv dataset has 2 nodes
torch.Size([19, 9])
0.10416405647993088 tensor([[0.1042, 0.0108]], device='cuda:0', grad_fn=<SliceBackward0>)
Epoch 001 | New best val loss: 16.0719 (saved)
Epoch 001 | Loss: 0.7466 | Val Loss: 16.0719 | Train Metric: 0.4544 | Val Metric: 0.4135
Epoch 002 | New best val loss: 4.5141 (saved)
Epoch 002 | Loss: 0.4774 | Val Loss: 4.5141 | Train Metric: 0.4365 | Val Metric: 0.4227
Epoch 003 | Loss: 0.4101 | Val Loss: 5.7919 | Train Metric: 0.4154 | Val Metric: 0.4274
Epoch 004 | New best val loss: 3.1392 (saved)
Epoch 010 | New best val loss: 1.4604 (saved)
Epoch 010 | Loss: 0.0777 | Val Loss: 1.4604 | Train Metric: 0.3999 | Val Metric: 0.3960
Epoch 013 | New best val loss: 1.0043 (saved)
Epoch 015 | New best val loss: 0.7213 (saved)
Epoch 016 | New best val loss: 0.5361 (saved)
Epoch 019 | New best val loss: 0.4742 (saved)
Epoch 020 | New best val loss: 0.4190 (saved)
Epoch 020 | Loss: 0.0374 | Val Loss: 0.4190 | Train Metric: 0.3795 | Val Metric: 0.3840
Epoch 024 | New best val loss: 0.3591 (saved)
Epoch 025 | New best val loss: 0.3434 (saved)
Epoch 030 | Loss: 0.0270 | Val Loss: 0.3658 | Train Metric: 0.3668 | Val Metric: 0.3603
Epoch 035 | New best val loss: 0.3249 (saved)
Epoch 036 | New best val loss: 0.2950 (saved)
Epoch 040 | Loss: 0.0254 | Val Loss: 0.3367 | Train Metric: 0.3719 | Val Metric: 0.3652
Epoch 050 | Loss: 0.0221 | Val Loss: 0.6591 | Train Metric: 0.3563 | Val Metric: 0.3652
Epoch 051 | New best val loss: 0.2918 (saved)
Epoch 058 | New best val loss: 0.2907 (saved)
Epoch 059 | New best val loss: 0.2665 (saved)
Epoch 060 | Loss: 0.0275 | Val Loss: 0.3447 | Train Metric: 0.3535 | Val Metric: 0.3576
Epoch 070 | Loss: 0.0239 | Val Loss: 0.6245 | Train Metric: 0.3593 | Val Metric: 0.3651
Epoch 073 | New best val loss: 0.2523 (saved)
Epoch 080 | Loss: 0.0224 | Val Loss: 0.2840 | Train Metric: 0.3401 | Val Metric: 0.3626
Epoch 087 | New best val loss: 0.2454 (saved)
Epoch 090 | Loss: 0.0254 | Val Loss: 0.3578 | Train Metric: 0.3551 | Val Metric: 0.3574
Epoch 100 | Loss: 0.0237 | Val Loss: 0.2895 | Train Metric: 0.3293 | Val Metric: 0.3538
