I'm echoing to stdout
I'm echoing to stderr
My JobID is 54814010
I have 2 CPUs on node r108u25n01
Importing...
/vast/palmer/home.mccleary/bsw38/GraphML/.conda/lib/python3.11/site-packages/outdated/__init__.py:36: UserWarning: pkg_resources is deprecated as an API. See https://setuptools.pypa.io/en/latest/pkg_resources.html. The pkg_resources package is slated for removal as early as 2025-11-30. Refrain from using this package or pin to Setuptools<81.
  from pkg_resources import parse_version
Imports complete
Hello, world!
41127
Smallest graph in molhiv dataset has 2 nodes
torch.Size([19, 9])
0.09811854362487793 tensor([[-0.0981,  0.2394]], device='cuda:0', grad_fn=<SliceBackward0>)
Epoch 001 | New best val loss: 9.9541 (saved)
Epoch 001 | Loss: 1.9563 | Val Loss: 9.9541 | Train Metric: 0.4899 | Val Metric: 0.4977
Epoch 002 | New best val loss: 3.7803 (saved)
Epoch 002 | Loss: 0.5644 | Val Loss: 3.7803 | Train Metric: 0.4816 | Val Metric: 0.4813
Epoch 003 | Loss: 0.3070 | Val Loss: 15.4419 | Train Metric: 0.5020 | Val Metric: 0.5139
Epoch 005 | New best val loss: 3.7495 (saved)
Epoch 006 | New best val loss: 2.9511 (saved)
Epoch 008 | New best val loss: 2.1629 (saved)
Epoch 010 | New best val loss: 1.0932 (saved)
Epoch 010 | Loss: 0.1676 | Val Loss: 1.0932 | Train Metric: 0.4939 | Val Metric: 0.4933
Epoch 016 | New best val loss: 0.7127 (saved)
Epoch 020 | Loss: 0.0507 | Val Loss: 1.0581 | Train Metric: 0.4943 | Val Metric: 0.4991
Epoch 021 | New best val loss: 0.6568 (saved)
Epoch 023 | New best val loss: 0.5889 (saved)
Epoch 025 | New best val loss: 0.5260 (saved)
Epoch 026 | New best val loss: 0.4930 (saved)
Epoch 030 | Loss: 0.0377 | Val Loss: 0.7923 | Train Metric: 0.4960 | Val Metric: 0.4987
Epoch 040 | Loss: 0.0297 | Val Loss: 0.6864 | Train Metric: 0.4952 | Val Metric: 0.5024
slurmstepd: error: *** JOB 54814010 ON r108u25n01 CANCELLED AT 2025-06-23T11:51:45 ***
