I'm echoing to stdout
I'm echoing to stderr
My JobID is 54780048
I have 4 CPUs on node r108u25n01
Importing...
/vast/palmer/home.mccleary/bsw38/GraphML/.conda/lib/python3.11/site-packages/outdated/__init__.py:36: UserWarning: pkg_resources is deprecated as an API. See https://setuptools.pypa.io/en/latest/pkg_resources.html. The pkg_resources package is slated for removal as early as 2025-11-30. Refrain from using this package or pin to Setuptools<81.
  from pkg_resources import parse_version
Imports complete
Hello, world!
41127
Smallest graph in molhiv dataset has 2 nodes
torch.Size([19, 9])
0.06755180656909943 tensor([[0.0676, 0.0934]], device='cuda:0', grad_fn=<SliceBackward0>)
Epoch 001 | New best val loss: 1.0791 (saved)
Epoch 001 | Loss: 4.3848 | Val Loss: 1.0791 | Metric: 0.5056
Epoch 002 | New best val loss: 0.6497 (saved)
Epoch 002 | Loss: 1.0969 | Val Loss: 0.6497 | Metric: 0.5058
Epoch 003 | Loss: 0.6921 | Val Loss: 0.7044 | Metric: 0.4991
Epoch 004 | New best val loss: 0.6132 (saved)
Epoch 007 | New best val loss: 0.5897 (saved)
Epoch 010 | Loss: 0.5639 | Val Loss: 0.7952 | Metric: 0.5010
Epoch 020 | Loss: 0.5277 | Val Loss: 0.9479 | Metric: 0.4986
Epoch 030 | Loss: 0.5528 | Val Loss: 0.7740 | Metric: 0.4984
Epoch 040 | Loss: 0.5513 | Val Loss: 0.7945 | Metric: 0.5002
Epoch 050 | Loss: 0.5531 | Val Loss: 0.9345 | Metric: 0.4984
Epoch 060 | Loss: 0.6485 | Val Loss: 0.7486 | Metric: 0.5011
Epoch 070 | Loss: 0.5503 | Val Loss: 0.7411 | Metric: 0.4986
Epoch 080 | Loss: 0.5912 | Val Loss: 0.6162 | Metric: 0.4982
Epoch 090 | Loss: 0.6079 | Val Loss: 0.7829 | Metric: 0.4937
Epoch 100 | Loss: 0.5830 | Val Loss: 0.7661 | Metric: 0.5064
