I'm echoing to stdout
I'm echoing to stderr
My JobID is 55647855
I have 4 CPUs on node r102u10n01
Importing...
/home/bsw38/.conda/envs/zinc_testing/lib/python3.13/site-packages/outdated/__init__.py:36: UserWarning: pkg_resources is deprecated as an API. See https://setuptools.pypa.io/en/latest/pkg_resources.html. The pkg_resources package is slated for removal as early as 2025-11-30. Refrain from using this package or pin to Setuptools<81.
  from pkg_resources import parse_version
Imports complete
Hello, world!
torch.Size([29, 1])
Network being constructed with hyperparameters: {'num_features': 1, 'num_classes': 1, 'hidden_dim': 128, 'num_eigenvectors': 15, 'adj': <class 'NoneType'>, 'dropout': 0.5, 'biases': True, 'group_by': 'feat'}
Traceback (most recent call last):
  File "/vast/palmer/pi/krishnaswamy_smita/bsw38/GraphML/ZINC/main.py", line 275, in <module>
    main(eigMod=eigMod, num_eigenvectors=num_eigenvectors)
    ~~~~^^^^^^^^^^^^^^^^^^^^^^^^^^^^^^^^^^^^^^^^^^^^^^^^^^
  File "/vast/palmer/pi/krishnaswamy_smita/bsw38/GraphML/ZINC/main.py", line 215, in main
    model = SpectralNetwork(in_dim, out_dim, num_eigenvectors=num_eigenvectors, hidden_dim=128,
        dropout=0.5, biases=True, group_by='feat')
  File "/vast/palmer/pi/krishnaswamy_smita/bsw38/GraphML/ZINC/SpectralNetwork.py", line 34, in __init__
    self.spectral_conv = SpectralConv_Batch(
                         ~~~~~~~~~~~~~~~~~~^
        in_dim=num_features,
        ^^^^^^^^^^^^^^^^^^^^
    ...<5 lines>...
        group_by=group_by
        ^^^^^^^^^^^^^^^^^
    )
    ^
  File "/vast/palmer/pi/krishnaswamy_smita/bsw38/GraphML/ZINC/spectral_layer.py", line 27, in __init__
    assert in_dim == out_dim # feature dimension must be preserved if parallelized
           ^^^^^^^^^^^^^^^^^
AssertionError
