I'm echoing to stdout
I'm echoing to stderr
My JobID is 55525995
I have 4 CPUs on node r108u25n01
Importing...
/home/bsw38/.conda/envs/zinc_testing/lib/python3.13/site-packages/outdated/__init__.py:36: UserWarning: pkg_resources is deprecated as an API. See https://setuptools.pypa.io/en/latest/pkg_resources.html. The pkg_resources package is slated for removal as early as 2025-11-30. Refrain from using this package or pin to Setuptools<81.
  from pkg_resources import parse_version
Imports complete
Hello, world!
torch.Size([33, 1])
0.3850834369659424 tensor([[0.3851]], device='cuda:0', grad_fn=<SliceBackward0>)
/home/bsw38/.conda/envs/zinc_testing/lib/python3.13/site-packages/torch/nn/modules/loss.py:610: UserWarning: Using a target size (torch.Size([1])) that is different to the input size (torch.Size([1, 1])). This will likely lead to incorrect results due to broadcasting. Please ensure they have the same size.
  return F.mse_loss(input, target, reduction=self.reduction)
Epoch 001 | New best val loss: 4.6574 (saved)
Epoch 001 | Loss: 1.2260 | Val Loss: 4.6574 | Train Metric: nan | Val Metric: nan
/home/bsw38/.conda/envs/zinc_testing/lib/python3.13/site-packages/torch/nn/modules/loss.py:610: UserWarning: Using a target size (torch.Size([1])) that is different to the input size (torch.Size([1, 1])). This will likely lead to incorrect results due to broadcasting. Please ensure they have the same size.
  return F.mse_loss(input, target, reduction=self.reduction)
Epoch 002 | New best val loss: 4.3618 (saved)
Epoch 002 | Loss: 0.4399 | Val Loss: 4.3618 | Train Metric: nan | Val Metric: nan
/home/bsw38/.conda/envs/zinc_testing/lib/python3.13/site-packages/torch/nn/modules/loss.py:610: UserWarning: Using a target size (torch.Size([1])) that is different to the input size (torch.Size([1, 1])). This will likely lead to incorrect results due to broadcasting. Please ensure they have the same size.
  return F.mse_loss(input, target, reduction=self.reduction)
Epoch 003 | New best val loss: 4.1222 (saved)
Epoch 003 | Loss: 0.4471 | Val Loss: 4.1222 | Train Metric: nan | Val Metric: nan
/home/bsw38/.conda/envs/zinc_testing/lib/python3.13/site-packages/torch/nn/modules/loss.py:610: UserWarning: Using a target size (torch.Size([1])) that is different to the input size (torch.Size([1, 1])). This will likely lead to incorrect results due to broadcasting. Please ensure they have the same size.
  return F.mse_loss(input, target, reduction=self.reduction)
Epoch 004 | New best val loss: 4.0223 (saved)
Epoch 010 | Loss: 0.4037 | Val Loss: 4.0504 | Train Metric: nan | Val Metric: nan
/home/bsw38/.conda/envs/zinc_testing/lib/python3.13/site-packages/torch/nn/modules/loss.py:610: UserWarning: Using a target size (torch.Size([1])) that is different to the input size (torch.Size([1, 1])). This will likely lead to incorrect results due to broadcasting. Please ensure they have the same size.
  return F.mse_loss(input, target, reduction=self.reduction)
slurmstepd: error: *** JOB 55525995 ON r108u25n01 CANCELLED AT 2025-07-08T10:51:02 ***
