I'm echoing to stdout
I'm echoing to stderr
My JobID is 55728221
I have 4 CPUs on node r108u25n01
Using backend: pytorch
cuda not available
[I] Loading dataset ZINC...
WARNING:root:The OGB package is out of date. Your version is 1.2.3, while the latest version is 1.3.6.
train, test, val sizes : 10000 1000 1000
[I] Finished loading.
[I] Data load time: 5.5345s
{'L': 4, 'hidden_dim': 150, 'out_dim': 150, 'readout': 'mean', 'gated': False, 'in_feat_dropout': 0.0, 'dropout': 0.0, 'num_eigs': 15, 'eigMod': 'import_csv', 'eigInFiles': {'train': 'supplemental_computation/zinc_train_part_kway.csv', 'test': 'supplemental_computation/zinc_test_part_kway.csv', 'val': 'supplemental_computation/zinc_val_part_kway.csv'}, '__comment__': 'num_eigs is custom from BW, ignored if 0', 'device': device(type='cpu'), 'gpu_id': 0, 'batch_size': 128, 'num_atom_type': 28, 'num_bond_type': 4}
MODEL DETAILS:

MODEL/Total parameters: MLP 108975
Training Graphs:  10000
Validation Graphs:  1000
Test Graphs:  1000
{'L': 4, 'hidden_dim': 150, 'out_dim': 150, 'readout': 'mean', 'gated': False, 'in_feat_dropout': 0.0, 'dropout': 0.0, 'num_eigs': 15, 'eigMod': 'import_csv', 'eigInFiles': {'train': 'supplemental_computation/zinc_train_part_kway.csv', 'test': 'supplemental_computation/zinc_test_part_kway.csv', 'val': 'supplemental_computation/zinc_val_part_kway.csv'}, '__comment__': 'num_eigs is custom from BW, ignored if 0', 'device': device(type='cpu'), 'gpu_id': 0, 'batch_size': 128, 'num_atom_type': 28, 'num_bond_type': 4, 'total_param': 108975}
  0%|          | 0/1000 [00:00<?, ?it/s]Epoch 0:   0%|          | 0/1000 [00:00<?, ?it/s]/vast/palmer/pi/krishnaswamy_smita/bsw38/GraphML/benchmarking-gnns/nets/molecules_graph_regression/mlp_net.py:106: UserWarning: To copy construct from a tensor, it is recommended to use sourceTensor.clone().detach() or sourceTensor.clone().detach().requires_grad_(True), rather than torch.tensor(sourceTensor).
  MLPNet.evec_dict[(num_nodes, edgeInfo)] = torch.tensor(signals).T.clone().detach()
slurmstepd: error: *** JOB 55728221 ON r108u25n01 CANCELLED AT 2025-07-12T16:42:08 ***
