I'm echoing to stdout
I'm echoing to stderr
My JobID is 54896616
I have 2 CPUs on node r108u25n01
Importing...
/vast/palmer/home.mccleary/bsw38/GraphML/.conda/lib/python3.11/site-packages/outdated/__init__.py:36: UserWarning: pkg_resources is deprecated as an API. See https://setuptools.pypa.io/en/latest/pkg_resources.html. The pkg_resources package is slated for removal as early as 2025-11-30. Refrain from using this package or pin to Setuptools<81.
  from pkg_resources import parse_version
Imports complete
Hello, world!
41127
Smallest graph in molhiv dataset has 2 nodes
torch.Size([19, 9])
0.13204024732112885 tensor([[-0.1320,  0.0851]], device='cuda:0', grad_fn=<SliceBackward0>)
Epoch 001 | New best val loss: 27.9152 (saved)
Epoch 001 | Loss: 0.7260 | Val Loss: 27.9152 | Train Metric: 0.4379 | Val Metric: 0.4366
Epoch 002 | New best val loss: 25.7696 (saved)
Epoch 002 | Loss: 0.3462 | Val Loss: 25.7696 | Train Metric: 0.4320 | Val Metric: 0.4193
Epoch 003 | New best val loss: 16.7187 (saved)
Epoch 003 | Loss: 0.3242 | Val Loss: 16.7187 | Train Metric: 0.4281 | Val Metric: 0.4135
Epoch 004 | New best val loss: 4.9862 (saved)
Epoch 005 | New best val loss: 3.3312 (saved)
Epoch 006 | New best val loss: 2.6872 (saved)
Epoch 009 | New best val loss: 1.1474 (saved)
Epoch 010 | Loss: 0.0990 | Val Loss: 2.4007 | Train Metric: 0.3924 | Val Metric: 0.4046
Epoch 012 | New best val loss: 0.7532 (saved)
Epoch 015 | New best val loss: 0.5954 (saved)
Epoch 018 | New best val loss: 0.5877 (saved)
Epoch 020 | Loss: 0.0370 | Val Loss: 0.8800 | Train Metric: 0.3712 | Val Metric: 0.3780
Epoch 023 | New best val loss: 0.4120 (saved)
Epoch 026 | New best val loss: 0.3482 (saved)
Epoch 030 | Loss: 0.0269 | Val Loss: 1.2407 | Train Metric: 0.3736 | Val Metric: 0.3895
Epoch 040 | Loss: 0.0275 | Val Loss: 0.4067 | Train Metric: 0.3669 | Val Metric: 0.3665
Epoch 050 | Loss: 0.0251 | Val Loss: 0.3577 | Train Metric: 0.3613 | Val Metric: 0.3484
Epoch 054 | New best val loss: 0.3269 (saved)
Epoch 058 | New best val loss: 0.3237 (saved)
Epoch 060 | Loss: 0.0298 | Val Loss: 0.3294 | Train Metric: 0.3548 | Val Metric: 0.3526
Epoch 064 | New best val loss: 0.3176 (saved)
Epoch 069 | New best val loss: 0.2824 (saved)
Epoch 070 | Loss: 0.0270 | Val Loss: 0.3374 | Train Metric: 0.3519 | Val Metric: 0.3599
Epoch 080 | Loss: 0.0236 | Val Loss: 0.4153 | Train Metric: 0.3403 | Val Metric: 0.3334
Epoch 090 | Loss: 0.0270 | Val Loss: 0.2895 | Train Metric: 0.3536 | Val Metric: 0.3416
Epoch 096 | New best val loss: 0.2766 (saved)
Epoch 100 | Loss: 0.0235 | Val Loss: 0.3395 | Train Metric: 0.3366 | Val Metric: 0.3456
