I'm echoing to stdout
I'm echoing to stderr
My JobID is 54956321
I have 2 CPUs on node r108u25n01
Importing...
/vast/palmer/home.mccleary/bsw38/GraphML/.conda/lib/python3.11/site-packages/outdated/__init__.py:36: UserWarning: pkg_resources is deprecated as an API. See https://setuptools.pypa.io/en/latest/pkg_resources.html. The pkg_resources package is slated for removal as early as 2025-11-30. Refrain from using this package or pin to Setuptools<81.
  from pkg_resources import parse_version
Imports complete
Hello, world!
41127
Smallest graph in molhiv dataset has 2 nodes
torch.Size([19, 9])
0.08584286272525787 tensor([[0.0858, 0.0138]], device='cuda:0', grad_fn=<SliceBackward0>)
Epoch 001 | New best val loss: 7.5064 (saved)
Epoch 001 | Loss: 2.1933 | Val Loss: 7.5064 | Train Metric: 0.4324 | Val Metric: 0.4312
Epoch 002 | Loss: 0.6510 | Val Loss: 11.2789 | Train Metric: 0.4269 | Val Metric: 0.4496
Epoch 003 | New best val loss: 5.7422 (saved)
Epoch 003 | Loss: 0.4499 | Val Loss: 5.7422 | Train Metric: 0.4457 | Val Metric: 0.4510
Epoch 004 | New best val loss: 3.5085 (saved)
Epoch 005 | New best val loss: 2.5846 (saved)
Epoch 007 | New best val loss: 2.2089 (saved)
Epoch 008 | New best val loss: 1.6117 (saved)
Epoch 010 | Loss: 0.1477 | Val Loss: 1.7257 | Train Metric: 0.4113 | Val Metric: 0.4067
Epoch 011 | New best val loss: 1.3560 (saved)
Epoch 013 | New best val loss: 0.7141 (saved)
Epoch 014 | New best val loss: 0.7032 (saved)
Epoch 019 | New best val loss: 0.6936 (saved)
Epoch 020 | Loss: 0.0620 | Val Loss: 1.7987 | Train Metric: 0.3872 | Val Metric: 0.3964
Epoch 024 | New best val loss: 0.5258 (saved)
Epoch 030 | New best val loss: 0.4766 (saved)
Epoch 030 | Loss: 0.0343 | Val Loss: 0.4766 | Train Metric: 0.3775 | Val Metric: 0.3797
Epoch 032 | New best val loss: 0.4622 (saved)
Epoch 034 | New best val loss: 0.3933 (saved)
Epoch 040 | Loss: 0.0342 | Val Loss: 0.5224 | Train Metric: 0.3737 | Val Metric: 0.3831
Epoch 050 | New best val loss: 0.3916 (saved)
Epoch 050 | Loss: 0.0211 | Val Loss: 0.3916 | Train Metric: 0.3681 | Val Metric: 0.3823
Epoch 054 | New best val loss: 0.3879 (saved)
Epoch 060 | New best val loss: 0.3684 (saved)
Epoch 060 | Loss: 0.0287 | Val Loss: 0.3684 | Train Metric: 0.3689 | Val Metric: 0.3782
Epoch 065 | New best val loss: 0.3624 (saved)
Epoch 066 | New best val loss: 0.3335 (saved)
Epoch 070 | Loss: 0.0237 | Val Loss: 0.4233 | Train Metric: 0.3601 | Val Metric: 0.3778
Epoch 080 | Loss: 0.0304 | Val Loss: 0.4112 | Train Metric: 0.3637 | Val Metric: 0.3873
Epoch 090 | Loss: 0.0302 | Val Loss: 0.3906 | Train Metric: 0.3561 | Val Metric: 0.3812
Epoch 094 | New best val loss: 0.3333 (saved)
Epoch 100 | Loss: 0.0254 | Val Loss: 0.4593 | Train Metric: 0.3549 | Val Metric: 0.3878
